<?xml version="1.0" encoding="UTF-8"?>
<!-- Generated by org.testng.reporters.JUnitReportReporter -->
<testsuite hostname="Atul" failures="0" tests="1" name="Tests.TestCases" time="17.491" errors="0" timestamp="2025-05-18T11:34:57 IST" skipped="0">
  <testcase classname="Tests.TestCases" name="userLogin" time="17.491"/>
</testsuite> <!-- Tests.TestCases -->
